生成启动时间为 2017/7/7 17:20:51。
     1>项目“D:\project\瑕疵检测\SourceCode\image segmentation\segmentation\SVM\SVM.vcxproj”在节点 2 上(Build 个目标)。
     1>ClCompile:
         C:\Program Files (x86)\Microsoft Visual Studio 12.0\VC\bin\x86_amd64\CL.exe /c /Zi /nologo /W3 /WX- /sdl /Od /D _MBCS /Gm /EHsc /RTC1 /MDd /GS /fp:precise /Zc:wchar_t /Zc:forScope /Fo"x64\Debug\\" /Fd"x64\Debug\vc120.pdb" /Gd /TP /errorReport:prompt main.cpp mnist.cpp
         mnist.cpp
     1>D:\opencv3.0.0\build\include\opencv2/core/mat.hpp(1965): warning C4819: 该文件包含不能在当前代码页(936)中表示的字符。请将该文件保存为 Unicode 格式以防止数据丢失
     1>D:\opencv3.0.0\build\include\opencv2/core/persistence.hpp : warning C4819: 该文件包含不能在当前代码页(936)中表示的字符。请将该文件保存为 Unicode 格式以防止数据丢失
     1>D:\opencv3.0.0\build\include\opencv2/core/utility.hpp : warning C4819: 该文件包含不能在当前代码页(936)中表示的字符。请将该文件保存为 Unicode 格式以防止数据丢失
         main.cpp
     1>D:\opencv3.0.0\build\include\opencv2/core/mat.hpp(1965): warning C4819: 该文件包含不能在当前代码页(936)中表示的字符。请将该文件保存为 Unicode 格式以防止数据丢失
     1>D:\opencv3.0.0\build\include\opencv2/core/persistence.hpp : warning C4819: 该文件包含不能在当前代码页(936)中表示的字符。请将该文件保存为 Unicode 格式以防止数据丢失
     1>D:\opencv3.0.0\build\include\opencv2/core/utility.hpp : warning C4819: 该文件包含不能在当前代码页(936)中表示的字符。请将该文件保存为 Unicode 格式以防止数据丢失
     1>main.cpp(186): warning C4244: “初始化”: 从“double”转换到“float”，可能丢失数据
     1>main.cpp(200): warning C4258: “i”: 忽略 For 循环中的定义；使用封闭范围中的定义
                 main.cpp(179) : 忽略“i”的定义
                 main.cpp(167) : 使用“i”的定义
     1>main.cpp(202): warning C4258: “i”: 忽略 For 循环中的定义；使用封闭范围中的定义
                 main.cpp(179) : 忽略“i”的定义
                 main.cpp(167) : 使用“i”的定义
     1>main.cpp(206): warning C4258: “i”: 忽略 For 循环中的定义；使用封闭范围中的定义
                 main.cpp(179) : 忽略“i”的定义
                 main.cpp(167) : 使用“i”的定义
         正在生成代码...
       Link:
         C:\Program Files (x86)\Microsoft Visual Studio 12.0\VC\bin\x86_amd64\link.exe /ERRORREPORT:PROMPT /OUT:"D:\project\瑕疵检测\SourceCode\image segmentation\segmentation\x64\Debug\SVM.exe" /INCREMENTAL /NOLOGO opencv_ts300d.lib opencv_world300d.lib kernel32.lib user32.lib gdi32.lib winspool.lib comdlg32.lib advapi32.lib shell32.lib ole32.lib oleaut32.lib uuid.lib odbc32.lib odbccp32.lib /MANIFEST /MANIFESTUAC:"level='asInvoker' uiAccess='false'" /manifest:embed /DEBUG /PDB:"D:\project\瑕疵检测\SourceCode\image segmentation\segmentation\x64\Debug\SVM.pdb" /TLBID:1 /DYNAMICBASE /NXCOMPAT /IMPLIB:"D:\project\瑕疵检测\SourceCode\image segmentation\segmentation\x64\Debug\SVM.lib" /MACHINE:X64 x64\Debug\main.obj
         x64\Debug\mnist.obj
         SVM.vcxproj -> D:\project\瑕疵检测\SourceCode\image segmentation\segmentation\x64\Debug\SVM.exe
     1>已完成生成项目“D:\project\瑕疵检测\SourceCode\image segmentation\segmentation\SVM\SVM.vcxproj”(Build 个目标)的操作。

生成成功。

已用时间 00:00:02.26
