生成启动时间为 2017/9/21 18:38:53。
     1>项目“D:\project\瑕疵检测\SourceCode\image segmentation\Detection\Detection\Detection.vcxproj”在节点 2 上(Build 个目标)。
     1>CustomBuild:
         Moc'ing detection.h...
         Uic'ing MainWindow.ui...
         Rcc'ing detection.qrc...
     1>C:\Program Files (x86)\MSBuild\Microsoft.Cpp\v4.0\V120\Microsoft.CppBuild.targets(935,5): warning MSB8027: Two or more files with the name of moc_detection.cpp will produce outputs to the same location. This can lead to an incorrect build result.  The files involved are GeneratedFiles\Debug\moc_detection.cpp, GeneratedFiles\Release\moc_detection.cpp.
       ClCompile:
         C:\Program Files (x86)\Microsoft Visual Studio 12.0\VC\bin\CL.exe /c /I.\GeneratedFiles /I. /ID:\Qt\Qt5.4.0\5.4\msvc2013_64\include /I.\GeneratedFiles\Debug /ID:\Qt\Qt5.4.0\5.4\msvc2013_64\include\QtCore /ID:\Qt\Qt5.4.0\5.4\msvc2013_64\include\QtGui /ID:\Qt\Qt5.4.0\5.4\msvc2013_64\include\QtWidgets /Zi /nologo /W1 /WX- /Od /Oy- /D UNICODE /D WIN32 /D WIN64 /D QT_DLL /D QT_CORE_LIB /D QT_GUI_LIB /D QT_WIDGETS_LIB /Gm- /EHsc /MDd /GS /fp:precise /Zc:wchar_t /Zc:forScope /Fo"Debug\\" /Fd"Debug\vc120.pdb" /Gd /TP /analyze- /errorReport:prompt detection.cpp GeneratedFiles\Debug\moc_detection.cpp main.cpp
         detection.cpp
         moc_detection.cpp
         main.cpp
         正在生成代码...
         C:\Program Files (x86)\Microsoft Visual Studio 12.0\VC\bin\CL.exe /c /I.\GeneratedFiles /I. /ID:\Qt\Qt5.4.0\5.4\msvc2013_64\include /I.\GeneratedFiles\Debug /ID:\Qt\Qt5.4.0\5.4\msvc2013_64\include\QtCore /ID:\Qt\Qt5.4.0\5.4\msvc2013_64\include\QtGui /ID:\Qt\Qt5.4.0\5.4\msvc2013_64\include\QtWidgets /Zi /nologo /W1 /WX- /Od /Oy- /D UNICODE /D WIN32 /D WIN64 /D QT_DLL /D QT_CORE_LIB /D QT_GUI_LIB /D QT_WIDGETS_LIB /Gm- /EHsc /MDd /GS /fp:precise /Zc:wchar_t /Zc:forScope /Fo"Debug\\" /Fd"Debug\vc120.pdb" /Gd /TP /analyze- /errorReport:prompt GeneratedFiles\qrc_detection.cpp
         qrc_detection.cpp
       Link:
         C:\Program Files (x86)\Microsoft Visual Studio 12.0\VC\bin\link.exe /ERRORREPORT:PROMPT /OUT:"D:\project\瑕疵检测\SourceCode\image segmentation\Detection\Win32\Debug\\Detection.exe" /NOLOGO /LIBPATH:D:\Qt\Qt5.4.0\5.4\msvc2013_64\lib qtmaind.lib Qt5Cored.lib Qt5Guid.lib Qt5Widgetsd.lib kernel32.lib user32.lib gdi32.lib winspool.lib comdlg32.lib advapi32.lib shell32.lib ole32.lib oleaut32.lib uuid.lib odbc32.lib odbccp32.lib /MANIFEST /MANIFESTUAC:"level='asInvoker' uiAccess='false'" /manifest:embed /DEBUG /PDB:"D:\project\瑕疵检测\SourceCode\image segmentation\Detection\Win32\Debug\Detection.pdb" /SUBSYSTEM:WINDOWS /TLBID:1 /DYNAMICBASE /NXCOMPAT /IMPLIB:"D:\project\瑕疵检测\SourceCode\image segmentation\Detection\Win32\Debug\Detection.lib" /MACHINE:X86 /SAFESEH Debug\detection.obj
         Debug\moc_detection.obj
         Debug\qrc_detection.obj
         Debug\main.obj
     1>Qt5Widgetsd.lib(Qt5Widgetsd.dll) : fatal error LNK1112: 模块计算机类型“x64”与目标计算机类型“X86”冲突
     1>已完成生成项目“D:\project\瑕疵检测\SourceCode\image segmentation\Detection\Detection\Detection.vcxproj”(Build 个目标)的操作 - 失败。

生成失败。

已用时间 00:00:14.81
